[0.052s] Invoking command in '/home/teja/tal/build/priority_tasks': CMAKE_PREFIX_PATH=/opt/ros/humble /usr/bin/cmake /home/teja/tal/src/priority_tasks -DCMAKE_INSTALL_PREFIX=/home/teja/tal/install/priority_tasks
[0.765s] -- The C compiler identification is GNU 11.4.0
[1.175s] -- The CXX compiler identification is GNU 11.4.0
[1.207s] -- Detecting C compiler ABI info
[1.407s] -- Detecting C compiler ABI info - done
[1.411s] -- Check for working C compiler: /usr/bin/cc - skipped
[1.413s] -- Detecting C compile features
[1.416s] -- Detecting C compile features - done
[1.423s] -- Detecting CXX compiler ABI info
[1.642s] -- Detecting CXX compiler ABI info - done
[1.642s] -- Check for working CXX compiler: /usr/bin/c++ - skipped
[1.642s] -- Detecting CXX compile features
[1.642s] -- Detecting CXX compile features - done
[1.687s] -- Found ament_cmake: 1.3.10 (/opt/ros/humble/share/ament_cmake/cmake)
[1.963s] -- Found Python3: /usr/bin/python3 (found version "3.10.12") found components: Interpreter 
[2.257s] -- Found rclcpp: 16.0.10 (/opt/ros/humble/share/rclcpp/cmake)
[2.433s] -- Found rosidl_generator_c: 3.1.5 (/opt/ros/humble/share/rosidl_generator_c/cmake)
[2.452s] -- Found rosidl_adapter: 3.1.5 (/opt/ros/humble/share/rosidl_adapter/cmake)
[2.513s] -- Found rosidl_generator_cpp: 3.1.5 (/opt/ros/humble/share/rosidl_generator_cpp/cmake)
[2.567s] -- Using all available rosidl_typesupport_c: rosidl_typesupport_fastrtps_c;rosidl_typesupport_introspection_c
[2.627s] -- Using all available rosidl_typesupport_cpp: rosidl_typesupport_fastrtps_cpp;rosidl_typesupport_introspection_cpp
[2.827s] -- Found rmw_implementation_cmake: 6.1.2 (/opt/ros/humble/share/rmw_implementation_cmake/cmake)
[2.836s] -- Found rmw_fastrtps_cpp: 6.2.7 (/opt/ros/humble/share/rmw_fastrtps_cpp/cmake)
[3.112s] -- Found OpenSSL: /usr/lib/x86_64-linux-gnu/libcrypto.so (found version "3.0.2")  
[3.157s] -- Found FastRTPS: /opt/ros/humble/include  
[3.233s] -- Using RMW implementation 'rmw_fastrtps_cpp' as default
[3.264s] -- Looking for pthread.h
[3.544s] -- Looking for pthread.h - found
[3.544s] -- Performing Test CMAKE_HAVE_LIBC_PTHREAD
[3.711s] -- Performing Test CMAKE_HAVE_LIBC_PTHREAD - Success
[3.717s] -- Found Threads: TRUE  
[4.002s] -- Configuring done
[4.019s] -- Generating done
[4.025s] -- Build files have been written to: /home/teja/tal/build/priority_tasks
[4.032s] Invoked command in '/home/teja/tal/build/priority_tasks' returned '0': CMAKE_PREFIX_PATH=/opt/ros/humble /usr/bin/cmake /home/teja/tal/src/priority_tasks -DCMAKE_INSTALL_PREFIX=/home/teja/tal/install/priority_tasks
[4.033s] Invoking command in '/home/teja/tal/build/priority_tasks': CMAKE_PREFIX_PATH=/opt/ros/humble /usr/bin/cmake --build /home/teja/tal/build/priority_tasks -- -j2 -l2
[4.161s] [ 50%] [32mBuilding CXX object CMakeFiles/priority_tasks.dir/src/priority_tasks.cpp.o[0m
[11.672s] [100%] [32m[1mLinking CXX executable priority_tasks[0m
[11.975s] [100%] Built target priority_tasks
[12.007s] Invoked command in '/home/teja/tal/build/priority_tasks' returned '0': CMAKE_PREFIX_PATH=/opt/ros/humble /usr/bin/cmake --build /home/teja/tal/build/priority_tasks -- -j2 -l2
[12.139s] Invoking command in '/home/teja/tal/build/priority_tasks': CMAKE_PREFIX_PATH=/opt/ros/humble /usr/bin/cmake --install /home/teja/tal/build/priority_tasks
[12.152s] -- Install configuration: ""
[12.152s] -- Installing: /home/teja/tal/install/priority_tasks/lib/priority_tasks/priority_tasks
[12.154s] -- Set runtime path of "/home/teja/tal/install/priority_tasks/lib/priority_tasks/priority_tasks" to ""
[12.154s] -- Installing: /home/teja/tal/install/priority_tasks/share/ament_index/resource_index/package_run_dependencies/priority_tasks
[12.154s] -- Installing: /home/teja/tal/install/priority_tasks/share/ament_index/resource_index/parent_prefix_path/priority_tasks
[12.155s] -- Installing: /home/teja/tal/install/priority_tasks/share/priority_tasks/environment/ament_prefix_path.sh
[12.155s] -- Installing: /home/teja/tal/install/priority_tasks/share/priority_tasks/environment/ament_prefix_path.dsv
[12.156s] -- Installing: /home/teja/tal/install/priority_tasks/share/priority_tasks/environment/path.sh
[12.156s] -- Installing: /home/teja/tal/install/priority_tasks/share/priority_tasks/environment/path.dsv
[12.157s] -- Installing: /home/teja/tal/install/priority_tasks/share/priority_tasks/local_setup.bash
[12.157s] -- Installing: /home/teja/tal/install/priority_tasks/share/priority_tasks/local_setup.sh
[12.158s] -- Installing: /home/teja/tal/install/priority_tasks/share/priority_tasks/local_setup.zsh
[12.158s] -- Installing: /home/teja/tal/install/priority_tasks/share/priority_tasks/local_setup.dsv
[12.158s] -- Installing: /home/teja/tal/install/priority_tasks/share/priority_tasks/package.dsv
[12.158s] -- Installing: /home/teja/tal/install/priority_tasks/share/ament_index/resource_index/packages/priority_tasks
[12.159s] -- Installing: /home/teja/tal/install/priority_tasks/share/priority_tasks/cmake/priority_tasksConfig.cmake
[12.159s] -- Installing: /home/teja/tal/install/priority_tasks/share/priority_tasks/cmake/priority_tasksConfig-version.cmake
[12.159s] -- Installing: /home/teja/tal/install/priority_tasks/share/priority_tasks/package.xml
[12.163s] Invoked command in '/home/teja/tal/build/priority_tasks' returned '0': CMAKE_PREFIX_PATH=/opt/ros/humble /usr/bin/cmake --install /home/teja/tal/build/priority_tasks
